<?xml version="1.0" encoding="UTF-8"?>
<!-- Generated by org.testng.reporters.JUnitReportReporter -->
<testsuite hostname="WKWIN0417776" name="org.testing.TestScripts.GetRequestTC" tests="1" failures="0" timestamp="19 Aug 2020 08:45:25 GMT" time="0.028" errors="0">
  <testcase name="tc2" time="0.028" classname="org.testing.TestScripts.GetRequestTC"/>
</testsuite> <!-- org.testing.TestScripts.GetRequestTC -->
