<?xml version="1.0" encoding="UTF-8"?>
<!-- Generated by org.testng.reporters.JUnitReportReporter -->
<testsuite skipped="0" hostname="WKWIN0417776" name="org.testing.TestScripts.PutRequestTC" tests="1" failures="0" timestamp="2020-08-08T13:15:40 IST" time="2.486" errors="0">
  <testcase name="tc4" time="2.486" classname="org.testing.TestScripts.PutRequestTC"/>
  <system-out/>
</testsuite> <!-- org.testing.TestScripts.PutRequestTC -->
