<?xml version="1.0" encoding="UTF-8"?>
<!-- Generated by org.testng.reporters.JUnitReportReporter -->
<testsuite hostname="WKWIN0417776" name="org.testing.TestScripts.GetRequestWithQueryParam" tests="1" failures="0" timestamp="19 Aug 2020 08:45:26 GMT" time="0.044" errors="0">
  <testcase name="tc3" time="0.044" classname="org.testing.TestScripts.GetRequestWithQueryParam"/>
</testsuite> <!-- org.testing.TestScripts.GetRequestWithQueryParam -->
