<?xml version="1.0" encoding="UTF-8"?>
<!-- Generated by org.testng.reporters.JUnitReportReporter -->
<testsuite hostname="WKWIN0417776" name="org.testing.TestScripts.PatchRequestTC" tests="1" failures="0" timestamp="19 Aug 2020 08:45:25 GMT" time="2.060" errors="0">
  <testcase name="tc5" time="2.060" classname="org.testing.TestScripts.PatchRequestTC"/>
</testsuite> <!-- org.testing.TestScripts.PatchRequestTC -->
